<?xml version="1.0" encoding="UTF-8"?>
<testng-results ignored="0" total="2" passed="2" failed="0" skipped="0">
  <reporter-output>
  </reporter-output>
  <suite started-at="2023-05-10T17:02:25 IST" name="Default suite" finished-at="2023-05-10T17:02:59 IST" duration-ms="33607">
    <groups>
    </groups>
    <test started-at="2023-05-10T17:02:25 IST" name="Default test" finished-at="2023-05-10T17:02:59 IST" duration-ms="33607">
      <class name="Tests.HomePageTest">
        <test-method is-config="true" signature="start()[pri:0, instance:Tests.HomePageTest@3ee37e5a]" started-at="2023-05-10T17:02:25 IST" name="start" finished-at="2023-05-10T17:02:58 IST" duration-ms="33299" status="PASS">
          <reporter-output>
          </reporter-output>
        </test-method> <!-- start -->
        <test-method signature="TC1()[pri:0, instance:Tests.HomePageTest@3ee37e5a]" started-at="2023-05-10T17:02:58 IST" name="TC1" finished-at="2023-05-10T17:02:59 IST" duration-ms="96" status="PASS">
          <reporter-output>
          </reporter-output>
        </test-method> <!-- TC1 -->
        <test-method signature="TC2()[pri:0, instance:Tests.HomePageTest@3ee37e5a]" started-at="2023-05-10T17:02:59 IST" name="TC2" finished-at="2023-05-10T17:02:59 IST" duration-ms="74" status="PASS">
          <reporter-output>
          </reporter-output>
        </test-method> <!-- TC2 -->
        <test-method is-config="true" signature="end()[pri:0, instance:Tests.HomePageTest@3ee37e5a]" started-at="2023-05-10T17:02:59 IST" name="end" finished-at="2023-05-10T17:02:59 IST" duration-ms="111" status="PASS">
          <reporter-output>
          </reporter-output>
        </test-method> <!-- end -->
      </class> <!-- Tests.HomePageTest -->
    </test> <!-- Default test -->
  </suite> <!-- Default suite -->
</testng-results>
